<?xml version="1.0" encoding="UTF-8"?>
<!-- Generated by org.testng.reporters.JUnitReportReporter -->
<testsuite hostname="LAPTOP-SLN9IRQQ" failures="0" tests="2" name="StepDefinition.Loan" time="14.850" errors="0" timestamp="21 Apr 2021 04:33:21 GMT">
  <testcase classname="StepDefinition.Loan" name="NavigateURL" time="14.819"/>
  <testcase classname="StepDefinition.Loan" name="ApplyNow" time="0.031"/>
</testsuite> <!-- StepDefinition.Loan -->
