<?xml version="1.0" encoding="UTF-8"?>
<!-- Generated by org.testng.reporters.JUnitReportReporter -->
<testsuite hostname="LAPTOP-SLN9IRQQ" failures="0" tests="3" name="StepDefinition.Carloan" time="195.426" errors="0" timestamp="29 Apr 2021 03:37:26 GMT">
  <testcase classname="StepDefinition.Carloan" name="ValidationURL" time="6.508"/>
  <testcase classname="StepDefinition.Carloan" name="FillCarLoanDeatils" time="35.244"/>
  <testcase classname="StepDefinition.Carloan" name="CarLoan" time="153.674"/>
</testsuite> <!-- StepDefinition.Carloan -->
