<?xml version="1.0" encoding="UTF-8"?>
<!-- Generated by org.testng.reporters.JUnitReportReporter -->
<testsuite hostname="LAPTOP-SLN9IRQQ" failures="0" tests="1" name="StepDefinition.Navigation" time="50.912" errors="0" timestamp="23 Apr 2021 04:19:44 GMT">
  <testcase classname="StepDefinition.Navigation" name="ApplyNow" time="50.912"/>
</testsuite> <!-- StepDefinition.Navigation -->
