<?xml version="1.0" encoding="UTF-8"?>
<!-- Generated by org.testng.reporters.JUnitReportReporter -->
<testsuite hostname="LAPTOP-SLN9IRQQ" failures="0" tests="5" name="StepDefinition.Demo" time="64.599" errors="0" timestamp="10 May 2021 04:37:54 GMT">
  <testcase classname="StepDefinition.Demo" name="FillCarLoanDeatils" time="28.294"/>
  <testcase classname="StepDefinition.Demo" name="ApplyNow" time="4.299"/>
  <testcase classname="StepDefinition.Demo" name="ValidationURL" time="2.424"/>
  <testcase classname="StepDefinition.Demo" name="CarLoan" time="3.205"/>
  <testcase classname="StepDefinition.Demo" name="NavigateURL" time="26.377"/>
</testsuite> <!-- StepDefinition.Demo -->
